c:\users\futohashi\documents\visual studio 2017\projects\consoleapplication1\consoleapplication1\debug\consoleapplication1.pch
c:\users\futohashi\documents\visual studio 2017\projects\consoleapplication1\consoleapplication1\debug\vc141.pdb
c:\users\futohashi\documents\visual studio 2017\projects\consoleapplication1\consoleapplication1\debug\vc141.idb
c:\users\futohashi\documents\visual studio 2017\projects\consoleapplication1\consoleapplication1\debug\stdafx.obj
c:\users\futohashi\documents\visual studio 2017\projects\consoleapplication1\debug\consoleapplication1.pdb
c:\users\futohashi\documents\visual studio 2017\projects\consoleapplication1\consoleapplication1\debug\consolea.75fa5f8a.tlog\cl.command.1.tlog
c:\users\futohashi\documents\visual studio 2017\projects\consoleapplication1\consoleapplication1\debug\consolea.75fa5f8a.tlog\cl.read.1.tlog
c:\users\futohashi\documents\visual studio 2017\projects\consoleapplication1\consoleapplication1\debug\consolea.75fa5f8a.tlog\cl.write.1.tlog
c:\users\futohashi\documents\visual studio 2017\projects\consoleapplication1\consoleapplication1\debug\consolea.75fa5f8a.tlog\link-cvtres.read.1.tlog
c:\users\futohashi\documents\visual studio 2017\projects\consoleapplication1\consoleapplication1\debug\consolea.75fa5f8a.tlog\link-cvtres.write.1.tlog
c:\users\futohashi\documents\visual studio 2017\projects\consoleapplication1\consoleapplication1\debug\consolea.75fa5f8a.tlog\link-rc.read.1.tlog
c:\users\futohashi\documents\visual studio 2017\projects\consoleapplication1\consoleapplication1\debug\consolea.75fa5f8a.tlog\link-rc.write.1.tlog
c:\users\futohashi\documents\visual studio 2017\projects\consoleapplication1\consoleapplication1\debug\consolea.75fa5f8a.tlog\link.12596-cvtres.read.1.tlog
c:\users\futohashi\documents\visual studio 2017\projects\consoleapplication1\consoleapplication1\debug\consolea.75fa5f8a.tlog\link.12596-cvtres.write.1.tlog
c:\users\futohashi\documents\visual studio 2017\projects\consoleapplication1\consoleapplication1\debug\consolea.75fa5f8a.tlog\link.12596-rc.read.1.tlog
c:\users\futohashi\documents\visual studio 2017\projects\consoleapplication1\consoleapplication1\debug\consolea.75fa5f8a.tlog\link.12596-rc.write.1.tlog
c:\users\futohashi\documents\visual studio 2017\projects\consoleapplication1\consoleapplication1\debug\consolea.75fa5f8a.tlog\link.12596.read.1.tlog
c:\users\futohashi\documents\visual studio 2017\projects\consoleapplication1\consoleapplication1\debug\consolea.75fa5f8a.tlog\link.12596.write.1.tlog
c:\users\futohashi\documents\visual studio 2017\projects\consoleapplication1\consoleapplication1\debug\consolea.75fa5f8a.tlog\link.command.1.tlog
c:\users\futohashi\documents\visual studio 2017\projects\consoleapplication1\consoleapplication1\debug\consolea.75fa5f8a.tlog\link.read.1.tlog
c:\users\futohashi\documents\visual studio 2017\projects\consoleapplication1\consoleapplication1\debug\consolea.75fa5f8a.tlog\link.write.1.tlog
